Sum of weights of spanning edges 59
Outputting tree with leader 7
Garfield KlondikeKat 1
Figaro Heathcliff 1
Jinx Garfield 1
Garfield Sylvester 2
Toonces KlondikeKat 2
BillTheCat Felix 4
BillTheCat Jinx 4
Heathcliff Felix 4
PussInBoots Toonces 5
Outputting tree with leader 17
Snoopy Lassie 1
ScoobyDoo OldYeller 1
Spike Toto 1
ScoobyDoo Underdog 1
Spike Snoopy 1
Puddles Snoopy 1
Farfel Reveille 2
OldYeller Triumph 2
Farfel Underdog 2
Odie Barkley 2
Barkley Marmaduke 3
Cujo Triumph 3
Reveille RinTinTin 3
Lassie Barkley 3
Bingo Cujo 4
Barkley Bingo 5
